<?xml version="1.0" encoding="UTF-8"?>
<!-- Generated by org.testng.reporters.JUnitReportReporter -->
<testsuite hostname="DESKTOP-3PERPIQ" failures="0" tests="1" name="com.testdatadriven.Trial2" time="29.774" errors="0" timestamp="2025-03-16T07:52:00 IST" skipped="0">
  <testcase classname="com.testdatadriven.Trial2" name="listOfProducts" time="29.774"/>
</testsuite> <!-- com.testdatadriven.Trial2 -->
