<?xml version="1.0" encoding="UTF-8"?>
<!-- Generated by org.testng.reporters.JUnitReportReporter -->
<testsuite hostname="DESKTOP-3PERPIQ" failures="0" tests="1" name="com.testing.Trial1" time="5.595" errors="0" timestamp="2025-01-30T00:23:15 IST" skipped="0">
  <testcase classname="com.testing.Trial1" name="test_001" time="5.595"/>
</testsuite> <!-- com.testing.Trial1 -->
