<?xml version="1.0" encoding="UTF-8"?>
<!-- Generated by org.testng.reporters.JUnitReportReporter -->
<testsuite hostname="DESKTOP-3PERPIQ" failures="0" tests="2" name="com.testdatadriven.ProductFilter" time="42.929" errors="0" timestamp="2025-03-16T09:36:20 IST" skipped="0">
  <testcase classname="com.testdatadriven.ProductFilter" name="setup" time="15.489"/>
  <testcase classname="com.testdatadriven.ProductFilter" name="listOfProducts" time="27.440"/>
</testsuite> <!-- com.testdatadriven.ProductFilter -->
