<?xml version="1.0" encoding="UTF-8"?>
<!-- Generated by org.testng.reporters.JUnitReportReporter -->
<testsuite hostname="DESKTOP-3PERPIQ" failures="0" tests="2" name="com.testdatadriven.Trial3" time="33.341" errors="0" timestamp="2025-03-16T08:43:08 IST" skipped="0">
  <testcase classname="com.testdatadriven.Trial3" name="setup" time="12.099"/>
  <testcase classname="com.testdatadriven.Trial3" name="listOfProducts" time="21.242"/>
</testsuite> <!-- com.testdatadriven.Trial3 -->
