<?xml version="1.0" encoding="UTF-8"?>
<!-- Generated by org.testng.reporters.JUnitReportReporter -->
<testsuite hostname="DESKTOP-3PERPIQ" failures="0" tests="2" name="com.testdatadriven.Initialization" time="43.882" errors="0" timestamp="2025-03-16T08:31:29 IST" skipped="0">
  <testcase classname="com.testdatadriven.Initialization" name="setup" time="12.840"/>
  <testcase classname="com.testdatadriven.Initialization" name="listOfProducts" time="31.042"/>
</testsuite> <!-- com.testdatadriven.Initialization -->
